<?xml version="1.0" encoding="utf-8"?><testsuites><testsuite name="pytest" errors="0" failures="0" skipped="0" tests="3" time="0.100" timestamp="2024-03-13T14:00:51.880195" hostname="tiago-virtualbox"><testcase classname="tests.test_load" name="test_load_positive_had_2_people" time="0.004" /><testcase classname="tests.test_load" name="test_load_positive_dirst_name_starts_with_t" time="0.001" /><testcase classname="integration.test_load" name="test_load" time="0.062" /></testsuite></testsuites>